<?xml version="1.0" encoding="UTF-8"?>
<!-- Generated by org.testng.reporters.JUnitReportReporter -->
<testsuite hostname="DESKTOP-VGOV4R2" failures="0" tests="1" name="Stepdefination.LoginTest" time="39.862" errors="0" timestamp="19 Mar 2024 11:02:15 GMT" skipped="0">
  <testcase classname="Stepdefination.LoginTest" name="user_is_on_login_page" time="39.862"/>
</testsuite> <!-- Stepdefination.LoginTest -->
